-------------------------------------------------------------------------------
Test set: HelloApp_MS_MAVEN.HelloApplicationTests
-------------------------------------------------------------------------------
Tests run: 1, Failures: 0, Errors: 1, Skipped: 0, Time elapsed: 5.035 s <<< FAILURE! - in HelloApp_MS_MAVEN.HelloApplicationTests
contextLoads  Time elapsed: 0.004 s  <<< ERROR!
java.lang.IllegalStateException: Failed to load ApplicationContext
Caused by: org.springframework.beans.factory.BeanCreationException: 
Error creating bean with name 'flywayInitializer' defined in class path resource [org/springframework/boot/autoconfigure/flyway/FlywayAutoConfiguration$FlywayConfiguration.class]: Invocation of init method failed; nested exception is org.flywaydb.core.internal.command.DbMigrate$FlywayMigrateException: 
Migration V1__Create_languages_table.sql failed
-----------------------------------------------
SQL State  : 42001
Error Code : 42001
Message    : Błąd składniowy w wyrażeniu SQL "CREATE TABLE LANGUAGES (
        ID INT USIGNED[*] PRIMARY KEY AUTO_INCREMENT,
        WELCOMEMSG VARCHAR(100) NOT NULL
        CODE VARCHAR(3)
    )"; oczekiwano "(, FOR, UNSIGNED, INVISIBLE, VISIBLE, NOT, NULL, AS, DEFAULT, GENERATED, ON, NOT, NULL, AUTO_INCREMENT, BIGSERIAL, SERIAL, IDENTITY, NULL_TO_DEFAULT, SEQUENCE, SELECTIVITY, COMMENT, CONSTRAINT, PRIMARY, UNIQUE, NOT, NULL, COMMENT, CHECK, REFERENCES, ,, )"
Syntax error in SQL statement "CREATE TABLE LANGUAGES (
        ID INT USIGNED[*] PRIMARY KEY AUTO_INCREMENT,
        WELCOMEMSG VARCHAR(100) NOT NULL
        CODE VARCHAR(3)
    )"; expected "(, FOR, UNSIGNED, INVISIBLE, VISIBLE, NOT, NULL, AS, DEFAULT, GENERATED, ON, NOT, NULL, AUTO_INCREMENT, BIGSERIAL, SERIAL, IDENTITY, NULL_TO_DEFAULT, SEQUENCE, SELECTIVITY, COMMENT, CONSTRAINT, PRIMARY, UNIQUE, NOT, NULL, COMMENT, CHECK, REFERENCES, ,, )"; SQL statement:
CREATE TABLE languages (
        id int usigned primary key auto_increment,
        welcomeMsg varchar(100) not null
        code varchar(3)
    ) [42001-200]
Location   : db/migration/V1__Create_languages_table.sql (C:\Users\Maciej Skórski\Desktop\ProjektyJava\hello\hello\target\classes\db\migration\V1__Create_languages_table.sql)
Line       : 1
Statement  : CREATE TABLE languages (
        id int usigned primary key auto_increment,
        welcomeMsg varchar(100) not null
        code varchar(3)
    )

Caused by: org.flywaydb.core.internal.command.DbMigrate$FlywayMigrateException: 

Migration V1__Create_languages_table.sql failed
-----------------------------------------------
SQL State  : 42001
Error Code : 42001
Message    : Błąd składniowy w wyrażeniu SQL "CREATE TABLE LANGUAGES (
        ID INT USIGNED[*] PRIMARY KEY AUTO_INCREMENT,
        WELCOMEMSG VARCHAR(100) NOT NULL
        CODE VARCHAR(3)
    )"; oczekiwano "(, FOR, UNSIGNED, INVISIBLE, VISIBLE, NOT, NULL, AS, DEFAULT, GENERATED, ON, NOT, NULL, AUTO_INCREMENT, BIGSERIAL, SERIAL, IDENTITY, NULL_TO_DEFAULT, SEQUENCE, SELECTIVITY, COMMENT, CONSTRAINT, PRIMARY, UNIQUE, NOT, NULL, COMMENT, CHECK, REFERENCES, ,, )"
Syntax error in SQL statement "CREATE TABLE LANGUAGES (
        ID INT USIGNED[*] PRIMARY KEY AUTO_INCREMENT,
        WELCOMEMSG VARCHAR(100) NOT NULL
        CODE VARCHAR(3)
    )"; expected "(, FOR, UNSIGNED, INVISIBLE, VISIBLE, NOT, NULL, AS, DEFAULT, GENERATED, ON, NOT, NULL, AUTO_INCREMENT, BIGSERIAL, SERIAL, IDENTITY, NULL_TO_DEFAULT, SEQUENCE, SELECTIVITY, COMMENT, CONSTRAINT, PRIMARY, UNIQUE, NOT, NULL, COMMENT, CHECK, REFERENCES, ,, )"; SQL statement:
CREATE TABLE languages (
        id int usigned primary key auto_increment,
        welcomeMsg varchar(100) not null
        code varchar(3)
    ) [42001-200]
Location   : db/migration/V1__Create_languages_table.sql (C:\Users\Maciej Skórski\Desktop\ProjektyJava\hello\hello\target\classes\db\migration\V1__Create_languages_table.sql)
Line       : 1
Statement  : CREATE TABLE languages (
        id int usigned primary key auto_increment,
        welcomeMsg varchar(100) not null
        code varchar(3)
    )

Caused by: org.flywaydb.core.internal.sqlscript.FlywaySqlScriptException: 

Migration V1__Create_languages_table.sql failed
-----------------------------------------------
SQL State  : 42001
Error Code : 42001
Message    : Błąd składniowy w wyrażeniu SQL "CREATE TABLE LANGUAGES (
        ID INT USIGNED[*] PRIMARY KEY AUTO_INCREMENT,
        WELCOMEMSG VARCHAR(100) NOT NULL
        CODE VARCHAR(3)
    )"; oczekiwano "(, FOR, UNSIGNED, INVISIBLE, VISIBLE, NOT, NULL, AS, DEFAULT, GENERATED, ON, NOT, NULL, AUTO_INCREMENT, BIGSERIAL, SERIAL, IDENTITY, NULL_TO_DEFAULT, SEQUENCE, SELECTIVITY, COMMENT, CONSTRAINT, PRIMARY, UNIQUE, NOT, NULL, COMMENT, CHECK, REFERENCES, ,, )"
Syntax error in SQL statement "CREATE TABLE LANGUAGES (
        ID INT USIGNED[*] PRIMARY KEY AUTO_INCREMENT,
        WELCOMEMSG VARCHAR(100) NOT NULL
        CODE VARCHAR(3)
    )"; expected "(, FOR, UNSIGNED, INVISIBLE, VISIBLE, NOT, NULL, AS, DEFAULT, GENERATED, ON, NOT, NULL, AUTO_INCREMENT, BIGSERIAL, SERIAL, IDENTITY, NULL_TO_DEFAULT, SEQUENCE, SELECTIVITY, COMMENT, CONSTRAINT, PRIMARY, UNIQUE, NOT, NULL, COMMENT, CHECK, REFERENCES, ,, )"; SQL statement:
CREATE TABLE languages (
        id int usigned primary key auto_increment,
        welcomeMsg varchar(100) not null
        code varchar(3)
    ) [42001-200]
Location   : db/migration/V1__Create_languages_table.sql (C:\Users\Maciej Skórski\Desktop\ProjektyJava\hello\hello\target\classes\db\migration\V1__Create_languages_table.sql)
Line       : 1
Statement  : CREATE TABLE languages (
        id int usigned primary key auto_increment,
        welcomeMsg varchar(100) not null
        code varchar(3)
    )

Caused by: org.h2.jdbc.JdbcSQLSyntaxErrorException: 
Błąd składniowy w wyrażeniu SQL "CREATE TABLE LANGUAGES (
        ID INT USIGNED[*] PRIMARY KEY AUTO_INCREMENT,
        WELCOMEMSG VARCHAR(100) NOT NULL
        CODE VARCHAR(3)
    )"; oczekiwano "(, FOR, UNSIGNED, INVISIBLE, VISIBLE, NOT, NULL, AS, DEFAULT, GENERATED, ON, NOT, NULL, AUTO_INCREMENT, BIGSERIAL, SERIAL, IDENTITY, NULL_TO_DEFAULT, SEQUENCE, SELECTIVITY, COMMENT, CONSTRAINT, PRIMARY, UNIQUE, NOT, NULL, COMMENT, CHECK, REFERENCES, ,, )"
Syntax error in SQL statement "CREATE TABLE LANGUAGES (
        ID INT USIGNED[*] PRIMARY KEY AUTO_INCREMENT,
        WELCOMEMSG VARCHAR(100) NOT NULL
        CODE VARCHAR(3)
    )"; expected "(, FOR, UNSIGNED, INVISIBLE, VISIBLE, NOT, NULL, AS, DEFAULT, GENERATED, ON, NOT, NULL, AUTO_INCREMENT, BIGSERIAL, SERIAL, IDENTITY, NULL_TO_DEFAULT, SEQUENCE, SELECTIVITY, COMMENT, CONSTRAINT, PRIMARY, UNIQUE, NOT, NULL, COMMENT, CHECK, REFERENCES, ,, )"; SQL statement:
CREATE TABLE languages (
        id int usigned primary key auto_increment,
        welcomeMsg varchar(100) not null
        code varchar(3)
    ) [42001-200]

