<?xml version="1.0" encoding="UTF-8"?>
<testsuite xmlns:xsi="http://www.w3.org/2001/XMLSchema-instance" xsi:noNamespaceSchemaLocation="https://maven.apache.org/surefire/maven-surefire-plugin/xsd/surefire-test-report.xsd" name="HelloApp_MS_MAVEN.HelloApplicationTests" time="5.035" tests="1" errors="1" skipped="0" failures="0">
  <properties>
[...]
</properties>
  <testcase name="contextLoads" classname="HelloApp_MS_MAVEN.HelloApplicationTests" time="0.004">
    <error message="Failed to load ApplicationContext" type="java.lang.IllegalStateException">java.lang.IllegalStateException: Failed to load ApplicationContext
Caused by: org.springframework.beans.factory.BeanCreationException: 
Error creating bean with name 'flywayInitializer' defined in class path resource [org/springframework/boot/autoconfigure/flyway/FlywayAutoConfiguration$FlywayConfiguration.class]: Invocation of init method failed; nested exception is org.flywaydb.core.internal.command.DbMigrate$FlywayMigrateException: 
Migration V1__Create_languages_table.sql failed
-----------------------------------------------
SQL State  : 42001
Error Code : 42001
Message    : Błąd składniowy w wyrażeniu SQL "CREATE TABLE LANGUAGES (
        ID INT USIGNED[*] PRIMARY KEY AUTO_INCREMENT,
        WELCOMEMSG VARCHAR(100) NOT NULL
        CODE VARCHAR(3)
    )"; oczekiwano "(, FOR, UNSIGNED, INVISIBLE, VISIBLE, NOT, NULL, AS, DEFAULT, GENERATED, ON, NOT, NULL, AUTO_INCREMENT, BIGSERIAL, SERIAL, IDENTITY, NULL_TO_DEFAULT, SEQUENCE, SELECTIVITY, COMMENT, CONSTRAINT, PRIMARY, UNIQUE, NOT, NULL, COMMENT, CHECK, REFERENCES, ,, )"
Syntax error in SQL statement "CREATE TABLE LANGUAGES (
        ID INT USIGNED[*] PRIMARY KEY AUTO_INCREMENT,
        WELCOMEMSG VARCHAR(100) NOT NULL
        CODE VARCHAR(3)
    )"; expected "(, FOR, UNSIGNED, INVISIBLE, VISIBLE, NOT, NULL, AS, DEFAULT, GENERATED, ON, NOT, NULL, AUTO_INCREMENT, BIGSERIAL, SERIAL, IDENTITY, NULL_TO_DEFAULT, SEQUENCE, SELECTIVITY, COMMENT, CONSTRAINT, PRIMARY, UNIQUE, NOT, NULL, COMMENT, CHECK, REFERENCES, ,, )"; SQL statement:
CREATE TABLE languages (
        id int usigned primary key auto_increment,
        welcomeMsg varchar(100) not null
        code varchar(3)
    ) [42001-200]
Location   : db/migration/V1__Create_languages_table.sql (C:\Users\Maciej Skórski\Desktop\ProjektyJava\hello\hello\target\classes\db\migration\V1__Create_languages_table.sql)
Line       : 1
Statement  : CREATE TABLE languages (
        id int usigned primary key auto_increment,
        welcomeMsg varchar(100) not null
        code varchar(3)
    )

Caused by: org.flywaydb.core.internal.command.DbMigrate$FlywayMigrateException: 

Migration V1__Create_languages_table.sql failed
-----------------------------------------------
SQL State  : 42001
Error Code : 42001
Message    : Błąd składniowy w wyrażeniu SQL "CREATE TABLE LANGUAGES (
        ID INT USIGNED[*] PRIMARY KEY AUTO_INCREMENT,
        WELCOMEMSG VARCHAR(100) NOT NULL
        CODE VARCHAR(3)
    )"; oczekiwano "(, FOR, UNSIGNED, INVISIBLE, VISIBLE, NOT, NULL, AS, DEFAULT, GENERATED, ON, NOT, NULL, AUTO_INCREMENT, BIGSERIAL, SERIAL, IDENTITY, NULL_TO_DEFAULT, SEQUENCE, SELECTIVITY, COMMENT, CONSTRAINT, PRIMARY, UNIQUE, NOT, NULL, COMMENT, CHECK, REFERENCES, ,, )"
Syntax error in SQL statement "CREATE TABLE LANGUAGES (
        ID INT USIGNED[*] PRIMARY KEY AUTO_INCREMENT,
        WELCOMEMSG VARCHAR(100) NOT NULL
        CODE VARCHAR(3)
    )"; expected "(, FOR, UNSIGNED, INVISIBLE, VISIBLE, NOT, NULL, AS, DEFAULT, GENERATED, ON, NOT, NULL, AUTO_INCREMENT, BIGSERIAL, SERIAL, IDENTITY, NULL_TO_DEFAULT, SEQUENCE, SELECTIVITY, COMMENT, CONSTRAINT, PRIMARY, UNIQUE, NOT, NULL, COMMENT, CHECK, REFERENCES, ,, )"; SQL statement:
CREATE TABLE languages (
        id int usigned primary key auto_increment,
        welcomeMsg varchar(100) not null
        code varchar(3)
    ) [42001-200]
Location   : db/migration/V1__Create_languages_table.sql (C:\Users\Maciej Skórski\Desktop\ProjektyJava\hello\hello\target\classes\db\migration\V1__Create_languages_table.sql)
Line       : 1
Statement  : CREATE TABLE languages (
        id int usigned primary key auto_increment,
        welcomeMsg varchar(100) not null
        code varchar(3)
    )

Caused by: org.flywaydb.core.internal.sqlscript.FlywaySqlScriptException: 

Migration V1__Create_languages_table.sql failed
-----------------------------------------------
SQL State  : 42001
Error Code : 42001
Message    : Błąd składniowy w wyrażeniu SQL "CREATE TABLE LANGUAGES (
        ID INT USIGNED[*] PRIMARY KEY AUTO_INCREMENT,
        WELCOMEMSG VARCHAR(100) NOT NULL
        CODE VARCHAR(3)
    )"; oczekiwano "(, FOR, UNSIGNED, INVISIBLE, VISIBLE, NOT, NULL, AS, DEFAULT, GENERATED, ON, NOT, NULL, AUTO_INCREMENT, BIGSERIAL, SERIAL, IDENTITY, NULL_TO_DEFAULT, SEQUENCE, SELECTIVITY, COMMENT, CONSTRAINT, PRIMARY, UNIQUE, NOT, NULL, COMMENT, CHECK, REFERENCES, ,, )"
Syntax error in SQL statement "CREATE TABLE LANGUAGES (
        ID INT USIGNED[*] PRIMARY KEY AUTO_INCREMENT,
        WELCOMEMSG VARCHAR(100) NOT NULL
        CODE VARCHAR(3)
    )"; expected "(, FOR, UNSIGNED, INVISIBLE, VISIBLE, NOT, NULL, AS, DEFAULT, GENERATED, ON, NOT, NULL, AUTO_INCREMENT, BIGSERIAL, SERIAL, IDENTITY, NULL_TO_DEFAULT, SEQUENCE, SELECTIVITY, COMMENT, CONSTRAINT, PRIMARY, UNIQUE, NOT, NULL, COMMENT, CHECK, REFERENCES, ,, )"; SQL statement:
CREATE TABLE languages (
        id int usigned primary key auto_increment,
        welcomeMsg varchar(100) not null
        code varchar(3)
    ) [42001-200]
Location   : db/migration/V1__Create_languages_table.sql (C:\Users\Maciej Skórski\Desktop\ProjektyJava\hello\hello\target\classes\db\migration\V1__Create_languages_table.sql)
Line       : 1
Statement  : CREATE TABLE languages (
        id int usigned primary key auto_increment,
        welcomeMsg varchar(100) not null
        code varchar(3)
    )

Caused by: org.h2.jdbc.JdbcSQLSyntaxErrorException: 
Błąd składniowy w wyrażeniu SQL "CREATE TABLE LANGUAGES (
        ID INT USIGNED[*] PRIMARY KEY AUTO_INCREMENT,
        WELCOMEMSG VARCHAR(100) NOT NULL
        CODE VARCHAR(3)
    )"; oczekiwano "(, FOR, UNSIGNED, INVISIBLE, VISIBLE, NOT, NULL, AS, DEFAULT, GENERATED, ON, NOT, NULL, AUTO_INCREMENT, BIGSERIAL, SERIAL, IDENTITY, NULL_TO_DEFAULT, SEQUENCE, SELECTIVITY, COMMENT, CONSTRAINT, PRIMARY, UNIQUE, NOT, NULL, COMMENT, CHECK, REFERENCES, ,, )"
Syntax error in SQL statement "CREATE TABLE LANGUAGES (
        ID INT USIGNED[*] PRIMARY KEY AUTO_INCREMENT,
        WELCOMEMSG VARCHAR(100) NOT NULL
        CODE VARCHAR(3)
    )"; expected "(, FOR, UNSIGNED, INVISIBLE, VISIBLE, NOT, NULL, AS, DEFAULT, GENERATED, ON, NOT, NULL, AUTO_INCREMENT, BIGSERIAL, SERIAL, IDENTITY, NULL_TO_DEFAULT, SEQUENCE, SELECTIVITY, COMMENT, CONSTRAINT, PRIMARY, UNIQUE, NOT, NULL, COMMENT, CHECK, REFERENCES, ,, )"; SQL statement:
CREATE TABLE languages (
        id int usigned primary key auto_increment,
        welcomeMsg varchar(100) not null
        code varchar(3)
    ) [42001-200]
</error>
    <system-out><![CDATA[15:27:08.350 [main] DEBUG org.springframework.test.context.BootstrapUtils - Instantiating CacheAwareContextLoaderDelegate from class [org.springframework.test.context.cache.DefaultCacheAwareContextLoaderDelegate]
15:27:08.372 [main] DEBUG org.springframework.test.context.BootstrapUtils - Instantiating BootstrapContext using constructor [public org.springframework.test.context.support.DefaultBootstrapContext(java.lang.Class,org.springframework.test.context.CacheAwareContextLoaderDelegate)]
15:27:08.420 [main] DEBUG org.springframework.test.context.BootstrapUtils - Instantiating TestContextBootstrapper for test class [HelloApp_MS_MAVEN.HelloApplicationTests] from class [org.springframework.boot.test.context.SpringBootTestContextBootstrapper]
15:27:08.445 [main] INFO org.springframework.boot.test.context.SpringBootTestContextBootstrapper - Neither @ContextConfiguration nor @ContextHierarchy found for test class [HelloApp_MS_MAVEN.HelloApplicationTests], using SpringBootContextLoader
15:27:08.452 [main] DEBUG org.springframework.test.context.support.AbstractContextLoader - Did not detect default resource location for test class [HelloApp_MS_MAVEN.HelloApplicationTests]: class path resource [HelloApp_MS_MAVEN/HelloApplicationTests-context.xml] does not exist
15:27:08.453 [main] DEBUG org.springframework.test.context.support.AbstractContextLoader - Did not detect default resource location for test class [HelloApp_MS_MAVEN.HelloApplicationTests]: class path resource [HelloApp_MS_MAVEN/HelloApplicationTestsContext.groovy] does not exist
15:27:08.453 [main] INFO org.springframework.test.context.support.AbstractContextLoader - Could not detect default resource locations for test class [HelloApp_MS_MAVEN.HelloApplicationTests]: no resource found for suffixes {-context.xml, Context.groovy}.
15:27:08.454 [main] INFO org.springframework.test.context.support.AnnotationConfigContextLoaderUtils - Could not detect default configuration classes for test class [HelloApp_MS_MAVEN.HelloApplicationTests]: HelloApplicationTests does not declare any static, non-private, non-final, nested classes annotated with @Configuration.
15:27:08.518 [main] DEBUG org.springframework.test.context.support.ActiveProfilesUtils - Could not find an 'annotation declaring class' for annotation type [org.springframework.test.context.ActiveProfiles] and class [HelloApp_MS_MAVEN.HelloApplicationTests]
15:27:08.607 [main] DEBUG org.springframework.context.annotation.ClassPathScanningCandidateComponentProvider - Identified candidate component class: file [C:\Users\Maciej Skórski\Desktop\ProjektyJava\hello\hello\target\classes\HelloApp_MS_MAVEN\HelloApplication.class]
15:27:08.609 [main] INFO org.springframework.boot.test.context.SpringBootTestContextBootstrapper - Found @SpringBootConfiguration HelloApp_MS_MAVEN.HelloApplication for test class HelloApp_MS_MAVEN.HelloApplicationTests
15:27:08.737 [main] DEBUG org.springframework.boot.test.context.SpringBootTestContextBootstrapper - @TestExecutionListeners is not present for class [HelloApp_MS_MAVEN.HelloApplicationTests]: using defaults.
15:27:08.738 [main] INFO org.springframework.boot.test.context.SpringBootTestContextBootstrapper - Loaded default TestExecutionListener class names from location [META-INF/spring.factories]: [org.springframework.boot.test.mock.mockito.MockitoTestExecutionListener, org.springframework.boot.test.mock.mockito.ResetMocksTestExecutionListener, org.springframework.boot.test.autoconfigure.restdocs.RestDocsTestExecutionListener, org.springframework.boot.test.autoconfigure.web.client.MockRestServiceServerResetTestExecutionListener, org.springframework.boot.test.autoconfigure.web.servlet.MockMvcPrintOnlyOnFailureTestExecutionListener, org.springframework.boot.test.autoconfigure.web.servlet.WebDriverTestExecutionListener, org.springframework.test.context.web.ServletTestExecutionListener, org.springframework.test.context.support.DirtiesContextBeforeModesTestExecutionListener, org.springframework.test.context.support.DependencyInjectionTestExecutionListener, org.springframework.test.context.support.DirtiesContextTestExecutionListener, org.springframework.test.context.transaction.TransactionalTestExecutionListener, org.springframework.test.context.jdbc.SqlScriptsTestExecutionListener, org.springframework.test.context.event.EventPublishingTestExecutionListener]
15:27:08.763 [main] INFO org.springframework.boot.test.context.SpringBootTestContextBootstrapper - Using TestExecutionListeners: [org.springframework.test.context.web.ServletTestExecutionListener@5a5338df, org.springframework.test.context.support.DirtiesContextBeforeModesTestExecutionListener@418c5a9c, org.springframework.boot.test.mock.mockito.MockitoTestExecutionListener@18e36d14, org.springframework.boot.test.autoconfigure.SpringBootDependencyInjectionTestExecutionListener@5082d622, org.springframework.test.context.support.DirtiesContextTestExecutionListener@13d4992d, org.springframework.test.context.transaction.TransactionalTestExecutionListener@302f7971, org.springframework.test.context.jdbc.SqlScriptsTestExecutionListener@332729ad, org.springframework.test.context.event.EventPublishingTestExecutionListener@75d2da2d, org.springframework.boot.test.mock.mockito.ResetMocksTestExecutionListener@4278284b, org.springframework.boot.test.autoconfigure.restdocs.RestDocsTestExecutionListener@9573584, org.springframework.boot.test.autoconfigure.web.client.MockRestServiceServerResetTestExecutionListener@3370f42, org.springframework.boot.test.autoconfigure.web.servlet.MockMvcPrintOnlyOnFailureTestExecutionListener@6057aebb, org.springframework.boot.test.autoconfigure.web.servlet.WebDriverTestExecutionListener@63eef88a]
15:27:08.768 [main] DEBUG org.springframework.test.context.support.AbstractDirtiesContextTestExecutionListener - Before test class: context [DefaultTestContext@44c73c26 testClass = HelloApplicationTests, testInstance = [null], testMethod = [null], testException = [null], mergedContextConfiguration = [WebMergedContextConfiguration@41005828 testClass = HelloApplicationTests, locations = '{}', classes = '{class HelloApp_MS_MAVEN.HelloApplication}', contextInitializerClasses = '[]', activeProfiles = '{}', propertySourceLocations = '{}', propertySourceProperties = '{org.springframework.boot.test.context.SpringBootTestContextBootstrapper=true}', contextCustomizers = set[org.springframework.boot.test.context.filter.ExcludeFilterContextCustomizer@378542de, org.springframework.boot.test.json.DuplicateJsonObjectContextCustomizerFactory$DuplicateJsonObjectContextCustomizer@11bd0f3b, org.springframework.boot.test.mock.mockito.MockitoContextCustomizer@0, org.springframework.boot.test.web.client.TestRestTemplateContextCustomizer@6631f5ca, org.springframework.boot.test.autoconfigure.properties.PropertyMappingContextCustomizer@0, org.springframework.boot.test.autoconfigure.web.servlet.WebDriverContextCustomizerFactory$Customizer@4de4b452], resourceBasePath = 'src/main/webapp', contextLoader = 'org.springframework.boot.test.context.SpringBootContextLoader', parent = [null]], attributes = map['org.springframework.test.context.web.ServletTestExecutionListener.activateListener' -> true]], class annotated with @DirtiesContext [false] with mode [null].
15:27:08.813 [main] DEBUG org.springframework.test.context.support.TestPropertySourceUtils - Adding inlined properties to environment: {spring.jmx.enabled=false, org.springframework.boot.test.context.SpringBootTestContextBootstrapper=true, server.port=-1}

  .   ____          _            __ _ _
 /\\ / ___'_ __ _ _(_)_ __  __ _ \ \ \ \
( ( )\___ | '_ | '_| | '_ \/ _` | \ \ \ \
 \\/  ___)| |_)| | | | | || (_| |  ) ) ) )
  '  |____| .__|_| |_|_| |_\__, | / / / /
 =========|_|==============|___/=/_/_/_/
 :: Spring Boot ::        (v2.2.2.RELEASE)

2019-12-17 15:27:09.182  INFO 13932 --- [           main] HelloApp_MS_MAVEN.HelloApplicationTests  : Starting HelloApplicationTests on Orsulit with PID 13932 (started by Maciej Skórski in C:\Users\Maciej Skórski\Desktop\ProjektyJava\hello\hello)
2019-12-17 15:27:09.185  INFO 13932 --- [           main] HelloApp_MS_MAVEN.HelloApplicationTests  : No active profile set, falling back to default profiles: default
2019-12-17 15:27:10.200  INFO 13932 --- [           main] .s.d.r.c.RepositoryConfigurationDelegate : Bootstrapping Spring Data JPA repositories in DEFAULT mode.
2019-12-17 15:27:10.233  INFO 13932 --- [           main] .s.d.r.c.RepositoryConfigurationDelegate : Finished Spring Data repository scanning in 20ms. Found 0 JPA repository interfaces.
2019-12-17 15:27:10.843  INFO 13932 --- [           main] trationDelegate$BeanPostProcessorChecker : Bean 'org.springframework.transaction.annotation.ProxyTransactionManagementConfiguration' of type [org.springframework.transaction.annotation.ProxyTransactionManagementConfiguration] is not eligible for getting processed by all BeanPostProcessors (for example: not eligible for auto-proxying)
2019-12-17 15:27:11.125  INFO 13932 --- [           main] o.f.c.internal.license.VersionPrinter    : Flyway Community Edition 6.0.8 by Redgate
2019-12-17 15:27:11.142  INFO 13932 --- [           main] com.zaxxer.hikari.HikariDataSource       : HikariPool-1 - Starting...
2019-12-17 15:27:11.432  INFO 13932 --- [           main] com.zaxxer.hikari.HikariDataSource       : HikariPool-1 - Start completed.
2019-12-17 15:27:11.458  INFO 13932 --- [           main] o.f.c.internal.database.DatabaseFactory  : Database: jdbc:h2:mem:testdb (H2 1.4)
2019-12-17 15:27:11.509  WARN 13932 --- [           main] o.f.c.internal.database.base.Database    : Flyway upgrade recommended: H2 1.4.200 is newer than this version of Flyway and support has not been tested. The latest supported version of H2 is 1.4.199.
2019-12-17 15:27:11.585  INFO 13932 --- [           main] o.f.core.internal.command.DbValidate     : Successfully validated 3 migrations (execution time 00:00.056s)
2019-12-17 15:27:11.606  INFO 13932 --- [           main] o.f.c.i.s.JdbcTableSchemaHistory         : Creating Schema History table "PUBLIC"."flyway_schema_history" ...
2019-12-17 15:27:11.693  INFO 13932 --- [           main] o.f.core.internal.command.DbMigrate      : Current version of schema "PUBLIC": << Empty Schema >>
2019-12-17 15:27:11.700  INFO 13932 --- [           main] o.f.core.internal.command.DbMigrate      : Migrating schema "PUBLIC" to version 1 - Create languages table
2019-12-17 15:27:11.709 ERROR 13932 --- [           main] o.f.core.internal.command.DbMigrate      : Migration of schema "PUBLIC" to version 1 - Create languages table failed! Please restore backups and roll back database and code!
2019-12-17 15:27:11.730  WARN 13932 --- [           main] o.s.w.c.s.GenericWebApplicationContext   : Exception encountered during context initialization - cancelling refresh attempt: org.springframework.beans.factory.BeanCreationException: Error creating bean with name 'flywayInitializer' defined in class path resource [org/springframework/boot/autoconfigure/flyway/FlywayAutoConfiguration$FlywayConfiguration.class]: Invocation of init method failed; nested exception is org.flywaydb.core.internal.command.DbMigrate$FlywayMigrateException: 
Migration V1__Create_languages_table.sql failed
-----------------------------------------------
SQL State  : 42001
Error Code : 42001
Message    : Błąd składniowy w wyrażeniu SQL "CREATE TABLE LANGUAGES (
        ID INT USIGNED[*] PRIMARY KEY AUTO_INCREMENT,
        WELCOMEMSG VARCHAR(100) NOT NULL
        CODE VARCHAR(3)
    )"; oczekiwano "(, FOR, UNSIGNED, INVISIBLE, VISIBLE, NOT, NULL, AS, DEFAULT, GENERATED, ON, NOT, NULL, AUTO_INCREMENT, BIGSERIAL, SERIAL, IDENTITY, NULL_TO_DEFAULT, SEQUENCE, SELECTIVITY, COMMENT, CONSTRAINT, PRIMARY, UNIQUE, NOT, NULL, COMMENT, CHECK, REFERENCES, ,, )"
Syntax error in SQL statement "CREATE TABLE LANGUAGES (
        ID INT USIGNED[*] PRIMARY KEY AUTO_INCREMENT,
        WELCOMEMSG VARCHAR(100) NOT NULL
        CODE VARCHAR(3)
    )"; expected "(, FOR, UNSIGNED, INVISIBLE, VISIBLE, NOT, NULL, AS, DEFAULT, GENERATED, ON, NOT, NULL, AUTO_INCREMENT, BIGSERIAL, SERIAL, IDENTITY, NULL_TO_DEFAULT, SEQUENCE, SELECTIVITY, COMMENT, CONSTRAINT, PRIMARY, UNIQUE, NOT, NULL, COMMENT, CHECK, REFERENCES, ,, )"; SQL statement:
CREATE TABLE languages (
        id int usigned primary key auto_increment,
        welcomeMsg varchar(100) not null
        code varchar(3)
    ) [42001-200]
Location   : db/migration/V1__Create_languages_table.sql (C:\Users\Maciej Skórski\Desktop\ProjektyJava\hello\hello\target\classes\db\migration\V1__Create_languages_table.sql)
Line       : 1
Statement  : CREATE TABLE languages (
        id int usigned primary key auto_increment,
        welcomeMsg varchar(100) not null
        code varchar(3)
    )

2019-12-17 15:27:11.731  INFO 13932 --- [           main] com.zaxxer.hikari.HikariDataSource       : HikariPool-1 - Shutdown initiated...
2019-12-17 15:27:11.755  INFO 13932 --- [           main] com.zaxxer.hikari.HikariDataSource       : HikariPool-1 - Shutdown completed.
2019-12-17 15:27:11.770  INFO 13932 --- [           main] ConditionEvaluationReportLoggingListener : 

Error starting ApplicationContext. To display the conditions report re-run your application with 'debug' enabled.
2019-12-17 15:27:11.787 ERROR 13932 --- [           main] o.s.boot.SpringApplication               : Application run failed

org.springframework.beans.factory.BeanCreationException: Error creating bean with name 'flywayInitializer' defined in class path resource [org/springframework/boot/autoconfigure/flyway/FlywayAutoConfiguration$FlywayConfiguration.class]: Invocation of init method failed; nested exception is org.flywaydb.core.internal.command.DbMigrate$FlywayMigrateException: 
Migration V1__Create_languages_table.sql failed
-----------------------------------------------
SQL State  : 42001
Error Code : 42001
Message    : Błąd składniowy w wyrażeniu SQL "CREATE TABLE LANGUAGES (
        ID INT USIGNED[*] PRIMARY KEY AUTO_INCREMENT,
        WELCOMEMSG VARCHAR(100) NOT NULL
        CODE VARCHAR(3)
    )"; oczekiwano "(, FOR, UNSIGNED, INVISIBLE, VISIBLE, NOT, NULL, AS, DEFAULT, GENERATED, ON, NOT, NULL, AUTO_INCREMENT, BIGSERIAL, SERIAL, IDENTITY, NULL_TO_DEFAULT, SEQUENCE, SELECTIVITY, COMMENT, CONSTRAINT, PRIMARY, UNIQUE, NOT, NULL, COMMENT, CHECK, REFERENCES, ,, )"
Syntax error in SQL statement "CREATE TABLE LANGUAGES (
        ID INT USIGNED[*] PRIMARY KEY AUTO_INCREMENT,
        WELCOMEMSG VARCHAR(100) NOT NULL
        CODE VARCHAR(3)
    )"; expected "(, FOR, UNSIGNED, INVISIBLE, VISIBLE, NOT, NULL, AS, DEFAULT, GENERATED, ON, NOT, NULL, AUTO_INCREMENT, BIGSERIAL, SERIAL, IDENTITY, NULL_TO_DEFAULT, SEQUENCE, SELECTIVITY, COMMENT, CONSTRAINT, PRIMARY, UNIQUE, NOT, NULL, COMMENT, CHECK, REFERENCES, ,, )"; SQL statement:
CREATE TABLE languages (
        id int usigned primary key auto_increment,
        welcomeMsg varchar(100) not null
        code varchar(3)
    ) [42001-200]
Location   : db/migration/V1__Create_languages_table.sql (C:\Users\Maciej Skórski\Desktop\ProjektyJava\hello\hello\target\classes\db\migration\V1__Create_languages_table.sql)
Line       : 1
Statement  : CREATE TABLE languages (
        id int usigned primary key auto_increment,
        welcomeMsg varchar(100) not null
        code varchar(3)
    )

	at org.springframework.beans.factory.support.AbstractAutowireCapableBeanFactory.initializeBean(AbstractAutowireCapableBeanFactory.java:1796) ~[spring-beans-5.2.2.RELEASE.jar:5.2.2.RELEASE]
	at org.springframework.beans.factory.support.AbstractAutowireCapableBeanFactory.doCreateBean(AbstractAutowireCapableBeanFactory.java:595) ~[spring-beans-5.2.2.RELEASE.jar:5.2.2.RELEASE]
	at org.springframework.beans.factory.support.AbstractAutowireCapableBeanFactory.createBean(AbstractAutowireCapableBeanFactory.java:517) ~[spring-beans-5.2.2.RELEASE.jar:5.2.2.RELEASE]
	at org.springframework.beans.factory.support.AbstractBeanFactory.lambda$doGetBean$0(AbstractBeanFactory.java:323) ~[spring-beans-5.2.2.RELEASE.jar:5.2.2.RELEASE]
	at org.springframework.beans.factory.support.DefaultSingletonBeanRegistry.getSingleton(DefaultSingletonBeanRegistry.java:222) ~[spring-beans-5.2.2.RELEASE.jar:5.2.2.RELEASE]
	at org.springframework.beans.factory.support.AbstractBeanFactory.doGetBean(AbstractBeanFactory.java:321) ~[spring-beans-5.2.2.RELEASE.jar:5.2.2.RELEASE]
	at org.springframework.beans.factory.support.AbstractBeanFactory.getBean(AbstractBeanFactory.java:202) ~[spring-beans-5.2.2.RELEASE.jar:5.2.2.RELEASE]
	at org.springframework.beans.factory.support.AbstractBeanFactory.doGetBean(AbstractBeanFactory.java:310) ~[spring-beans-5.2.2.RELEASE.jar:5.2.2.RELEASE]
	at org.springframework.beans.factory.support.AbstractBeanFactory.getBean(AbstractBeanFactory.java:202) ~[spring-beans-5.2.2.RELEASE.jar:5.2.2.RELEASE]
	at org.springframework.context.support.AbstractApplicationContext.getBean(AbstractApplicationContext.java:1108) ~[spring-context-5.2.2.RELEASE.jar:5.2.2.RELEASE]
	at org.springframework.context.support.AbstractApplicationContext.finishBeanFactoryInitialization(AbstractApplicationContext.java:868) ~[spring-context-5.2.2.RELEASE.jar:5.2.2.RELEASE]
	at org.springframework.context.support.AbstractApplicationContext.refresh(AbstractApplicationContext.java:550) ~[spring-context-5.2.2.RELEASE.jar:5.2.2.RELEASE]
	at org.springframework.boot.SpringApplication.refresh(SpringApplication.java:747) ~[spring-boot-2.2.2.RELEASE.jar:2.2.2.RELEASE]
	at org.springframework.boot.SpringApplication.refreshContext(SpringApplication.java:397) ~[spring-boot-2.2.2.RELEASE.jar:2.2.2.RELEASE]
	at org.springframework.boot.SpringApplication.run(SpringApplication.java:315) ~[spring-boot-2.2.2.RELEASE.jar:2.2.2.RELEASE]
	at org.springframework.boot.test.context.SpringBootContextLoader.loadContext(SpringBootContextLoader.java:125) ~[spring-boot-test-2.2.2.RELEASE.jar:2.2.2.RELEASE]
	at org.springframework.test.context.cache.DefaultCacheAwareContextLoaderDelegate.loadContextInternal(DefaultCacheAwareContextLoaderDelegate.java:99) ~[spring-test-5.2.2.RELEASE.jar:5.2.2.RELEASE]
	at org.springframework.test.context.cache.DefaultCacheAwareContextLoaderDelegate.loadContext(DefaultCacheAwareContextLoaderDelegate.java:124) ~[spring-test-5.2.2.RELEASE.jar:5.2.2.RELEASE]
	at org.springframework.test.context.support.DefaultTestContext.getApplicationContext(DefaultTestContext.java:123) ~[spring-test-5.2.2.RELEASE.jar:5.2.2.RELEASE]
	at org.springframework.test.context.web.ServletTestExecutionListener.setUpRequestContextIfNecessary(ServletTestExecutionListener.java:190) ~[spring-test-5.2.2.RELEASE.jar:5.2.2.RELEASE]
	at org.springframework.test.context.web.ServletTestExecutionListener.prepareTestInstance(ServletTestExecutionListener.java:132) ~[spring-test-5.2.2.RELEASE.jar:5.2.2.RELEASE]
	at org.springframework.test.context.TestContextManager.prepareTestInstance(TestContextManager.java:244) ~[spring-test-5.2.2.RELEASE.jar:5.2.2.RELEASE]
	at org.springframework.test.context.junit.jupiter.SpringExtension.postProcessTestInstance(SpringExtension.java:98) ~[spring-test-5.2.2.RELEASE.jar:5.2.2.RELEASE]
	at org.junit.jupiter.engine.descriptor.ClassBasedTestDescriptor.lambda$invokeTestInstancePostProcessors$5(ClassBasedTestDescriptor.java:337) ~[junit-jupiter-engine-5.5.2.jar:5.5.2]
	at org.junit.jupiter.engine.descriptor.ClassBasedTestDescriptor.executeAndMaskThrowable(ClassBasedTestDescriptor.java:342) ~[junit-jupiter-engine-5.5.2.jar:5.5.2]
	at org.junit.jupiter.engine.descriptor.ClassBasedTestDescriptor.lambda$invokeTestInstancePostProcessors$6(ClassBasedTestDescriptor.java:337) ~[junit-jupiter-engine-5.5.2.jar:5.5.2]
	at java.base/java.util.stream.ReferencePipeline$3$1.accept(ReferencePipeline.java:195) ~[na:na]
	at java.base/java.util.stream.ReferencePipeline$2$1.accept(ReferencePipeline.java:177) ~[na:na]
	at java.base/java.util.ArrayList$ArrayListSpliterator.forEachRemaining(ArrayList.java:1621) ~[na:na]
	at java.base/java.util.stream.AbstractPipeline.copyInto(AbstractPipeline.java:484) ~[na:na]
	at java.base/java.util.stream.AbstractPipeline.wrapAndCopyInto(AbstractPipeline.java:474) ~[na:na]
	at java.base/java.util.stream.StreamSpliterators$WrappingSpliterator.forEachRemaining(StreamSpliterators.java:312) ~[na:na]
	at java.base/java.util.stream.Streams$ConcatSpliterator.forEachRemaining(Streams.java:735) ~[na:na]
	at java.base/java.util.stream.Streams$ConcatSpliterator.forEachRemaining(Streams.java:734) ~[na:na]
	at java.base/java.util.stream.ReferencePipeline$Head.forEach(ReferencePipeline.java:658) ~[na:na]
	at org.junit.jupiter.engine.descriptor.ClassBasedTestDescriptor.invokeTestInstancePostProcessors(ClassBasedTestDescriptor.java:336) ~[junit-jupiter-engine-5.5.2.jar:5.5.2]
	at org.junit.jupiter.engine.descriptor.ClassBasedTestDescriptor.instantiateAndPostProcessTestInstance(ClassBasedTestDescriptor.java:259) ~[junit-jupiter-engine-5.5.2.jar:5.5.2]
	at org.junit.jupiter.engine.descriptor.ClassBasedTestDescriptor.lambda$testInstancesProvider$2(ClassBasedTestDescriptor.java:252) ~[junit-jupiter-engine-5.5.2.jar:5.5.2]
	at java.base/java.util.Optional.orElseGet(Optional.java:362) ~[na:na]
	at org.junit.jupiter.engine.descriptor.ClassBasedTestDescriptor.lambda$testInstancesProvider$3(ClassBasedTestDescriptor.java:251) ~[junit-jupiter-engine-5.5.2.jar:5.5.2]
	at org.junit.jupiter.engine.execution.TestInstancesProvider.getTestInstances(TestInstancesProvider.java:29) ~[junit-jupiter-engine-5.5.2.jar:5.5.2]
	at org.junit.jupiter.engine.descriptor.TestMethodTestDescriptor.lambda$prepare$0(TestMethodTestDescriptor.java:106) ~[junit-jupiter-engine-5.5.2.jar:5.5.2]
	at org.junit.platform.engine.support.hierarchical.ThrowableCollector.execute(ThrowableCollector.java:73) ~[junit-platform-engine-1.5.2.jar:1.5.2]
	at org.junit.jupiter.engine.descriptor.TestMethodTestDescriptor.prepare(TestMethodTestDescriptor.java:105) ~[junit-jupiter-engine-5.5.2.jar:5.5.2]
	at org.junit.jupiter.engine.descriptor.TestMethodTestDescriptor.prepare(TestMethodTestDescriptor.java:69) ~[junit-jupiter-engine-5.5.2.jar:5.5.2]
	at org.junit.platform.engine.support.hierarchical.NodeTestTask.lambda$prepare$1(NodeTestTask.java:107) ~[junit-platform-engine-1.5.2.jar:1.5.2]
	at org.junit.platform.engine.support.hierarchical.ThrowableCollector.execute(ThrowableCollector.java:73) ~[junit-platform-engine-1.5.2.jar:1.5.2]
	at org.junit.platform.engine.support.hierarchical.NodeTestTask.prepare(NodeTestTask.java:107) ~[junit-platform-engine-1.5.2.jar:1.5.2]
	at org.junit.platform.engine.support.hierarchical.NodeTestTask.execute(NodeTestTask.java:75) ~[junit-platform-engine-1.5.2.jar:1.5.2]
	at java.base/java.util.ArrayList.forEach(ArrayList.java:1507) ~[na:na]
	at org.junit.platform.engine.support.hierarchical.SameThreadHierarchicalTestExecutorService.invokeAll(SameThreadHierarchicalTestExecutorService.java:38) ~[junit-platform-engine-1.5.2.jar:1.5.2]
	at org.junit.platform.engine.support.hierarchical.NodeTestTask.lambda$executeRecursively$5(NodeTestTask.java:139) ~[junit-platform-engine-1.5.2.jar:1.5.2]
	at org.junit.platform.engine.support.hierarchical.ThrowableCollector.execute(ThrowableCollector.java:73) ~[junit-platform-engine-1.5.2.jar:1.5.2]
	at org.junit.platform.engine.support.hierarchical.NodeTestTask.lambda$executeRecursively$7(NodeTestTask.java:125) ~[junit-platform-engine-1.5.2.jar:1.5.2]
	at org.junit.platform.engine.support.hierarchical.Node.around(Node.java:135) ~[junit-platform-engine-1.5.2.jar:1.5.2]
	at org.junit.platform.engine.support.hierarchical.NodeTestTask.lambda$executeRecursively$8(NodeTestTask.java:123) ~[junit-platform-engine-1.5.2.jar:1.5.2]
	at org.junit.platform.engine.support.hierarchical.ThrowableCollector.execute(ThrowableCollector.java:73) ~[junit-platform-engine-1.5.2.jar:1.5.2]
	at org.junit.platform.engine.support.hierarchical.NodeTestTask.executeRecursively(NodeTestTask.java:122) ~[junit-platform-engine-1.5.2.jar:1.5.2]
	at org.junit.platform.engine.support.hierarchical.NodeTestTask.execute(NodeTestTask.java:80) ~[junit-platform-engine-1.5.2.jar:1.5.2]
	at java.base/java.util.ArrayList.forEach(ArrayList.java:1507) ~[na:na]
	at org.junit.platform.engine.support.hierarchical.SameThreadHierarchicalTestExecutorService.invokeAll(SameThreadHierarchicalTestExecutorService.java:38) ~[junit-platform-engine-1.5.2.jar:1.5.2]
	at org.junit.platform.engine.support.hierarchical.NodeTestTask.lambda$executeRecursively$5(NodeTestTask.java:139) ~[junit-platform-engine-1.5.2.jar:1.5.2]
	at org.junit.platform.engine.support.hierarchical.ThrowableCollector.execute(ThrowableCollector.java:73) ~[junit-platform-engine-1.5.2.jar:1.5.2]
	at org.junit.platform.engine.support.hierarchical.NodeTestTask.lambda$executeRecursively$7(NodeTestTask.java:125) ~[junit-platform-engine-1.5.2.jar:1.5.2]
	at org.junit.platform.engine.support.hierarchical.Node.around(Node.java:135) ~[junit-platform-engine-1.5.2.jar:1.5.2]
	at org.junit.platform.engine.support.hierarchical.NodeTestTask.lambda$executeRecursively$8(NodeTestTask.java:123) ~[junit-platform-engine-1.5.2.jar:1.5.2]
	at org.junit.platform.engine.support.hierarchical.ThrowableCollector.execute(ThrowableCollector.java:73) ~[junit-platform-engine-1.5.2.jar:1.5.2]
	at org.junit.platform.engine.support.hierarchical.NodeTestTask.executeRecursively(NodeTestTask.java:122) ~[junit-platform-engine-1.5.2.jar:1.5.2]
	at org.junit.platform.engine.support.hierarchical.NodeTestTask.execute(NodeTestTask.java:80) ~[junit-platform-engine-1.5.2.jar:1.5.2]
	at org.junit.platform.engine.support.hierarchical.SameThreadHierarchicalTestExecutorService.submit(SameThreadHierarchicalTestExecutorService.java:32) ~[junit-platform-engine-1.5.2.jar:1.5.2]
	at org.junit.platform.engine.support.hierarchical.HierarchicalTestExecutor.execute(HierarchicalTestExecutor.java:57) ~[junit-platform-engine-1.5.2.jar:1.5.2]
	at org.junit.platform.engine.support.hierarchical.HierarchicalTestEngine.execute(HierarchicalTestEngine.java:51) ~[junit-platform-engine-1.5.2.jar:1.5.2]
	at org.junit.platform.launcher.core.DefaultLauncher.execute(DefaultLauncher.java:220) ~[junit-platform-launcher-1.3.1.jar:1.3.1]
	at org.junit.platform.launcher.core.DefaultLauncher.lambda$execute$6(DefaultLauncher.java:188) ~[junit-platform-launcher-1.3.1.jar:1.3.1]
	at org.junit.platform.launcher.core.DefaultLauncher.withInterceptedStreams(DefaultLauncher.java:202) ~[junit-platform-launcher-1.3.1.jar:1.3.1]
	at org.junit.platform.launcher.core.DefaultLauncher.execute(DefaultLauncher.java:181) ~[junit-platform-launcher-1.3.1.jar:1.3.1]
	at org.junit.platform.launcher.core.DefaultLauncher.execute(DefaultLauncher.java:128) ~[junit-platform-launcher-1.3.1.jar:1.3.1]
	at org.apache.maven.surefire.junitplatform.JUnitPlatformProvider.invokeAllTests(JUnitPlatformProvider.java:150) ~[surefire-junit-platform-2.22.2.jar:2.22.2]
	at org.apache.maven.surefire.junitplatform.JUnitPlatformProvider.invoke(JUnitPlatformProvider.java:124) ~[surefire-junit-platform-2.22.2.jar:2.22.2]
	at org.apache.maven.surefire.booter.ForkedBooter.invokeProviderInSameClassLoader(ForkedBooter.java:384) ~[surefire-booter-2.22.2.jar:2.22.2]
	at org.apache.maven.surefire.booter.ForkedBooter.runSuitesInProcess(ForkedBooter.java:345) ~[surefire-booter-2.22.2.jar:2.22.2]
	at org.apache.maven.surefire.booter.ForkedBooter.execute(ForkedBooter.java:126) ~[surefire-booter-2.22.2.jar:2.22.2]
	at org.apache.maven.surefire.booter.ForkedBooter.main(ForkedBooter.java:418) ~[surefire-booter-2.22.2.jar:2.22.2]
Caused by: org.flywaydb.core.internal.command.DbMigrate$FlywayMigrateException: 
Migration V1__Create_languages_table.sql failed
-----------------------------------------------
SQL State  : 42001
Error Code : 42001
Message    : Błąd składniowy w wyrażeniu SQL "CREATE TABLE LANGUAGES (
        ID INT USIGNED[*] PRIMARY KEY AUTO_INCREMENT,
        WELCOMEMSG VARCHAR(100) NOT NULL
        CODE VARCHAR(3)
    )"; oczekiwano "(, FOR, UNSIGNED, INVISIBLE, VISIBLE, NOT, NULL, AS, DEFAULT, GENERATED, ON, NOT, NULL, AUTO_INCREMENT, BIGSERIAL, SERIAL, IDENTITY, NULL_TO_DEFAULT, SEQUENCE, SELECTIVITY, COMMENT, CONSTRAINT, PRIMARY, UNIQUE, NOT, NULL, COMMENT, CHECK, REFERENCES, ,, )"
Syntax error in SQL statement "CREATE TABLE LANGUAGES (
        ID INT USIGNED[*] PRIMARY KEY AUTO_INCREMENT,
        WELCOMEMSG VARCHAR(100) NOT NULL
        CODE VARCHAR(3)
    )"; expected "(, FOR, UNSIGNED, INVISIBLE, VISIBLE, NOT, NULL, AS, DEFAULT, GENERATED, ON, NOT, NULL, AUTO_INCREMENT, BIGSERIAL, SERIAL, IDENTITY, NULL_TO_DEFAULT, SEQUENCE, SELECTIVITY, COMMENT, CONSTRAINT, PRIMARY, UNIQUE, NOT, NULL, COMMENT, CHECK, REFERENCES, ,, )"; SQL statement:
CREATE TABLE languages (
        id int usigned primary key auto_increment,
        welcomeMsg varchar(100) not null
        code varchar(3)
    ) [42001-200]
Location   : db/migration/V1__Create_languages_table.sql (C:\Users\Maciej Skórski\Desktop\ProjektyJava\hello\hello\target\classes\db\migration\V1__Create_languages_table.sql)
Line       : 1
Statement  : CREATE TABLE languages (
        id int usigned primary key auto_increment,
        welcomeMsg varchar(100) not null
        code varchar(3)
    )

	at org.flywaydb.core.internal.command.DbMigrate.doMigrateGroup(DbMigrate.java:369) ~[flyway-core-6.0.8.jar:na]
	at org.flywaydb.core.internal.command.DbMigrate.access$200(DbMigrate.java:54) ~[flyway-core-6.0.8.jar:na]
	at org.flywaydb.core.internal.command.DbMigrate$3.call(DbMigrate.java:282) ~[flyway-core-6.0.8.jar:na]
	at org.flywaydb.core.internal.jdbc.TransactionTemplate.execute(TransactionTemplate.java:74) ~[flyway-core-6.0.8.jar:na]
	at org.flywaydb.core.internal.command.DbMigrate.applyMigrations(DbMigrate.java:279) ~[flyway-core-6.0.8.jar:na]
	at org.flywaydb.core.internal.command.DbMigrate.migrateGroup(DbMigrate.java:244) ~[flyway-core-6.0.8.jar:na]
	at org.flywaydb.core.internal.command.DbMigrate.access$100(DbMigrate.java:54) ~[flyway-core-6.0.8.jar:na]
	at org.flywaydb.core.internal.command.DbMigrate$2.call(DbMigrate.java:162) ~[flyway-core-6.0.8.jar:na]
	at org.flywaydb.core.internal.command.DbMigrate$2.call(DbMigrate.java:159) ~[flyway-core-6.0.8.jar:na]
	at org.flywaydb.core.internal.database.base.Connection$1.call(Connection.java:131) ~[flyway-core-6.0.8.jar:na]
	at org.flywaydb.core.internal.jdbc.TransactionTemplate.execute(TransactionTemplate.java:74) ~[flyway-core-6.0.8.jar:na]
	at org.flywaydb.core.internal.database.base.Connection.lock(Connection.java:127) ~[flyway-core-6.0.8.jar:na]
	at org.flywaydb.core.internal.schemahistory.JdbcTableSchemaHistory.lock(JdbcTableSchemaHistory.java:139) ~[flyway-core-6.0.8.jar:na]
	at org.flywaydb.core.internal.command.DbMigrate.migrateAll(DbMigrate.java:159) ~[flyway-core-6.0.8.jar:na]
	at org.flywaydb.core.internal.command.DbMigrate.migrate(DbMigrate.java:137) ~[flyway-core-6.0.8.jar:na]
	at org.flywaydb.core.Flyway$1.execute(Flyway.java:189) ~[flyway-core-6.0.8.jar:na]
	at org.flywaydb.core.Flyway$1.execute(Flyway.java:149) ~[flyway-core-6.0.8.jar:na]
	at org.flywaydb.core.Flyway.execute(Flyway.java:511) ~[flyway-core-6.0.8.jar:na]
	at org.flywaydb.core.Flyway.migrate(Flyway.java:149) ~[flyway-core-6.0.8.jar:na]
	at org.springframework.boot.autoconfigure.flyway.FlywayMigrationInitializer.afterPropertiesSet(FlywayMigrationInitializer.java:65) ~[spring-boot-autoconfigure-2.2.2.RELEASE.jar:2.2.2.RELEASE]
	at org.springframework.beans.factory.support.AbstractAutowireCapableBeanFactory.invokeInitMethods(AbstractAutowireCapableBeanFactory.java:1855) ~[spring-beans-5.2.2.RELEASE.jar:5.2.2.RELEASE]
	at org.springframework.beans.factory.support.AbstractAutowireCapableBeanFactory.initializeBean(AbstractAutowireCapableBeanFactory.java:1792) ~[spring-beans-5.2.2.RELEASE.jar:5.2.2.RELEASE]
	... 82 common frames omitted
Caused by: org.flywaydb.core.internal.sqlscript.FlywaySqlScriptException: 
Migration V1__Create_languages_table.sql failed
-----------------------------------------------
SQL State  : 42001
Error Code : 42001
Message    : Błąd składniowy w wyrażeniu SQL "CREATE TABLE LANGUAGES (
        ID INT USIGNED[*] PRIMARY KEY AUTO_INCREMENT,
        WELCOMEMSG VARCHAR(100) NOT NULL
        CODE VARCHAR(3)
    )"; oczekiwano "(, FOR, UNSIGNED, INVISIBLE, VISIBLE, NOT, NULL, AS, DEFAULT, GENERATED, ON, NOT, NULL, AUTO_INCREMENT, BIGSERIAL, SERIAL, IDENTITY, NULL_TO_DEFAULT, SEQUENCE, SELECTIVITY, COMMENT, CONSTRAINT, PRIMARY, UNIQUE, NOT, NULL, COMMENT, CHECK, REFERENCES, ,, )"
Syntax error in SQL statement "CREATE TABLE LANGUAGES (
        ID INT USIGNED[*] PRIMARY KEY AUTO_INCREMENT,
        WELCOMEMSG VARCHAR(100) NOT NULL
        CODE VARCHAR(3)
    )"; expected "(, FOR, UNSIGNED, INVISIBLE, VISIBLE, NOT, NULL, AS, DEFAULT, GENERATED, ON, NOT, NULL, AUTO_INCREMENT, BIGSERIAL, SERIAL, IDENTITY, NULL_TO_DEFAULT, SEQUENCE, SELECTIVITY, COMMENT, CONSTRAINT, PRIMARY, UNIQUE, NOT, NULL, COMMENT, CHECK, REFERENCES, ,, )"; SQL statement:
CREATE TABLE languages (
        id int usigned primary key auto_increment,
        welcomeMsg varchar(100) not null
        code varchar(3)
    ) [42001-200]
Location   : db/migration/V1__Create_languages_table.sql (C:\Users\Maciej Skórski\Desktop\ProjektyJava\hello\hello\target\classes\db\migration\V1__Create_languages_table.sql)
Line       : 1
Statement  : CREATE TABLE languages (
        id int usigned primary key auto_increment,
        welcomeMsg varchar(100) not null
        code varchar(3)
    )

	at org.flywaydb.core.internal.sqlscript.DefaultSqlScriptExecutor.handleException(DefaultSqlScriptExecutor.java:274) ~[flyway-core-6.0.8.jar:na]
	at org.flywaydb.core.internal.sqlscript.DefaultSqlScriptExecutor.executeStatement(DefaultSqlScriptExecutor.java:220) ~[flyway-core-6.0.8.jar:na]
	at org.flywaydb.core.internal.sqlscript.DefaultSqlScriptExecutor.execute(DefaultSqlScriptExecutor.java:127) ~[flyway-core-6.0.8.jar:na]
	at org.flywaydb.core.internal.resolver.sql.SqlMigrationExecutor.execute(SqlMigrationExecutor.java:70) ~[flyway-core-6.0.8.jar:na]
	at org.flywaydb.core.internal.command.DbMigrate.doMigrateGroup(DbMigrate.java:366) ~[flyway-core-6.0.8.jar:na]
	... 103 common frames omitted
Caused by: org.h2.jdbc.JdbcSQLSyntaxErrorException: Błąd składniowy w wyrażeniu SQL "CREATE TABLE LANGUAGES (
        ID INT USIGNED[*] PRIMARY KEY AUTO_INCREMENT,
        WELCOMEMSG VARCHAR(100) NOT NULL
        CODE VARCHAR(3)
    )"; oczekiwano "(, FOR, UNSIGNED, INVISIBLE, VISIBLE, NOT, NULL, AS, DEFAULT, GENERATED, ON, NOT, NULL, AUTO_INCREMENT, BIGSERIAL, SERIAL, IDENTITY, NULL_TO_DEFAULT, SEQUENCE, SELECTIVITY, COMMENT, CONSTRAINT, PRIMARY, UNIQUE, NOT, NULL, COMMENT, CHECK, REFERENCES, ,, )"
Syntax error in SQL statement "CREATE TABLE LANGUAGES (
        ID INT USIGNED[*] PRIMARY KEY AUTO_INCREMENT,
        WELCOMEMSG VARCHAR(100) NOT NULL
        CODE VARCHAR(3)
    )"; expected "(, FOR, UNSIGNED, INVISIBLE, VISIBLE, NOT, NULL, AS, DEFAULT, GENERATED, ON, NOT, NULL, AUTO_INCREMENT, BIGSERIAL, SERIAL, IDENTITY, NULL_TO_DEFAULT, SEQUENCE, SELECTIVITY, COMMENT, CONSTRAINT, PRIMARY, UNIQUE, NOT, NULL, COMMENT, CHECK, REFERENCES, ,, )"; SQL statement:
CREATE TABLE languages (
        id int usigned primary key auto_increment,
        welcomeMsg varchar(100) not null
        code varchar(3)
    ) [42001-200]
	at org.h2.message.DbException.getJdbcSQLException(DbException.java:453) ~[h2-1.4.200.jar:1.4.200]
	at org.h2.message.DbException.getJdbcSQLException(DbException.java:429) ~[h2-1.4.200.jar:1.4.200]
	at org.h2.message.DbException.getSyntaxError(DbException.java:243) ~[h2-1.4.200.jar:1.4.200]
	at org.h2.command.Parser.getSyntaxError(Parser.java:1053) ~[h2-1.4.200.jar:1.4.200]
	at org.h2.command.Parser.read(Parser.java:4995) ~[h2-1.4.200.jar:1.4.200]
	at org.h2.command.Parser.readIfMore(Parser.java:1462) ~[h2-1.4.200.jar:1.4.200]
	at org.h2.command.Parser.parseCreateTable(Parser.java:8380) ~[h2-1.4.200.jar:1.4.200]
	at org.h2.command.Parser.parseCreate(Parser.java:6276) ~[h2-1.4.200.jar:1.4.200]
	at org.h2.command.Parser.parsePrepared(Parser.java:903) ~[h2-1.4.200.jar:1.4.200]
	at org.h2.command.Parser.parse(Parser.java:843) ~[h2-1.4.200.jar:1.4.200]
	at org.h2.command.Parser.parse(Parser.java:819) ~[h2-1.4.200.jar:1.4.200]
	at org.h2.command.Parser.prepareCommand(Parser.java:738) ~[h2-1.4.200.jar:1.4.200]
	at org.h2.engine.Session.prepareLocal(Session.java:657) ~[h2-1.4.200.jar:1.4.200]
	at org.h2.engine.Session.prepareCommand(Session.java:595) ~[h2-1.4.200.jar:1.4.200]
	at org.h2.jdbc.JdbcConnection.prepareCommand(JdbcConnection.java:1235) ~[h2-1.4.200.jar:1.4.200]
	at org.h2.jdbc.JdbcStatement.executeInternal(JdbcStatement.java:212) ~[h2-1.4.200.jar:1.4.200]
	at org.h2.jdbc.JdbcStatement.execute(JdbcStatement.java:201) ~[h2-1.4.200.jar:1.4.200]
	at com.zaxxer.hikari.pool.ProxyStatement.execute(ProxyStatement.java:95) ~[HikariCP-3.4.1.jar:na]
	at com.zaxxer.hikari.pool.HikariProxyStatement.execute(HikariProxyStatement.java) ~[HikariCP-3.4.1.jar:na]
	at org.flywaydb.core.internal.jdbc.JdbcTemplate.executeStatement(JdbcTemplate.java:244) ~[flyway-core-6.0.8.jar:na]
	at org.flywaydb.core.internal.sqlscript.ParsedSqlStatement.execute(ParsedSqlStatement.java:111) ~[flyway-core-6.0.8.jar:na]
	at org.flywaydb.core.internal.sqlscript.DefaultSqlScriptExecutor.executeStatement(DefaultSqlScriptExecutor.java:208) ~[flyway-core-6.0.8.jar:na]
	... 106 common frames omitted

2019-12-17 15:27:11.805 ERROR 13932 --- [           main] o.s.test.context.TestContextManager      : Caught exception while allowing TestExecutionListener [org.springframework.test.context.web.ServletTestExecutionListener@5a5338df] to prepare test instance [HelloApp_MS_MAVEN.HelloApplicationTests@1bf14704]

java.lang.IllegalStateException: Failed to load ApplicationContext
	at org.springframework.test.context.cache.DefaultCacheAwareContextLoaderDelegate.loadContext(DefaultCacheAwareContextLoaderDelegate.java:132) ~[spring-test-5.2.2.RELEASE.jar:5.2.2.RELEASE]
	at org.springframework.test.context.support.DefaultTestContext.getApplicationContext(DefaultTestContext.java:123) ~[spring-test-5.2.2.RELEASE.jar:5.2.2.RELEASE]
	at org.springframework.test.context.web.ServletTestExecutionListener.setUpRequestContextIfNecessary(ServletTestExecutionListener.java:190) ~[spring-test-5.2.2.RELEASE.jar:5.2.2.RELEASE]
	at org.springframework.test.context.web.ServletTestExecutionListener.prepareTestInstance(ServletTestExecutionListener.java:132) ~[spring-test-5.2.2.RELEASE.jar:5.2.2.RELEASE]
	at org.springframework.test.context.TestContextManager.prepareTestInstance(TestContextManager.java:244) ~[spring-test-5.2.2.RELEASE.jar:5.2.2.RELEASE]
	at org.springframework.test.context.junit.jupiter.SpringExtension.postProcessTestInstance(SpringExtension.java:98) ~[spring-test-5.2.2.RELEASE.jar:5.2.2.RELEASE]
	at org.junit.jupiter.engine.descriptor.ClassBasedTestDescriptor.lambda$invokeTestInstancePostProcessors$5(ClassBasedTestDescriptor.java:337) ~[junit-jupiter-engine-5.5.2.jar:5.5.2]
	at org.junit.jupiter.engine.descriptor.ClassBasedTestDescriptor.executeAndMaskThrowable(ClassBasedTestDescriptor.java:342) ~[junit-jupiter-engine-5.5.2.jar:5.5.2]
	at org.junit.jupiter.engine.descriptor.ClassBasedTestDescriptor.lambda$invokeTestInstancePostProcessors$6(ClassBasedTestDescriptor.java:337) ~[junit-jupiter-engine-5.5.2.jar:5.5.2]
	at java.base/java.util.stream.ReferencePipeline$3$1.accept(ReferencePipeline.java:195) ~[na:na]
	at java.base/java.util.stream.ReferencePipeline$2$1.accept(ReferencePipeline.java:177) ~[na:na]
	at java.base/java.util.ArrayList$ArrayListSpliterator.forEachRemaining(ArrayList.java:1621) ~[na:na]
	at java.base/java.util.stream.AbstractPipeline.copyInto(AbstractPipeline.java:484) ~[na:na]
	at java.base/java.util.stream.AbstractPipeline.wrapAndCopyInto(AbstractPipeline.java:474) ~[na:na]
	at java.base/java.util.stream.StreamSpliterators$WrappingSpliterator.forEachRemaining(StreamSpliterators.java:312) ~[na:na]
	at java.base/java.util.stream.Streams$ConcatSpliterator.forEachRemaining(Streams.java:735) ~[na:na]
	at java.base/java.util.stream.Streams$ConcatSpliterator.forEachRemaining(Streams.java:734) ~[na:na]
	at java.base/java.util.stream.ReferencePipeline$Head.forEach(ReferencePipeline.java:658) ~[na:na]
	at org.junit.jupiter.engine.descriptor.ClassBasedTestDescriptor.invokeTestInstancePostProcessors(ClassBasedTestDescriptor.java:336) ~[junit-jupiter-engine-5.5.2.jar:5.5.2]
	at org.junit.jupiter.engine.descriptor.ClassBasedTestDescriptor.instantiateAndPostProcessTestInstance(ClassBasedTestDescriptor.java:259) ~[junit-jupiter-engine-5.5.2.jar:5.5.2]
	at org.junit.jupiter.engine.descriptor.ClassBasedTestDescriptor.lambda$testInstancesProvider$2(ClassBasedTestDescriptor.java:252) ~[junit-jupiter-engine-5.5.2.jar:5.5.2]
	at java.base/java.util.Optional.orElseGet(Optional.java:362) ~[na:na]
	at org.junit.jupiter.engine.descriptor.ClassBasedTestDescriptor.lambda$testInstancesProvider$3(ClassBasedTestDescriptor.java:251) ~[junit-jupiter-engine-5.5.2.jar:5.5.2]
	at org.junit.jupiter.engine.execution.TestInstancesProvider.getTestInstances(TestInstancesProvider.java:29) ~[junit-jupiter-engine-5.5.2.jar:5.5.2]
	at org.junit.jupiter.engine.descriptor.TestMethodTestDescriptor.lambda$prepare$0(TestMethodTestDescriptor.java:106) ~[junit-jupiter-engine-5.5.2.jar:5.5.2]
	at org.junit.platform.engine.support.hierarchical.ThrowableCollector.execute(ThrowableCollector.java:73) ~[junit-platform-engine-1.5.2.jar:1.5.2]
	at org.junit.jupiter.engine.descriptor.TestMethodTestDescriptor.prepare(TestMethodTestDescriptor.java:105) ~[junit-jupiter-engine-5.5.2.jar:5.5.2]
	at org.junit.jupiter.engine.descriptor.TestMethodTestDescriptor.prepare(TestMethodTestDescriptor.java:69) ~[junit-jupiter-engine-5.5.2.jar:5.5.2]
	at org.junit.platform.engine.support.hierarchical.NodeTestTask.lambda$prepare$1(NodeTestTask.java:107) ~[junit-platform-engine-1.5.2.jar:1.5.2]
	at org.junit.platform.engine.support.hierarchical.ThrowableCollector.execute(ThrowableCollector.java:73) ~[junit-platform-engine-1.5.2.jar:1.5.2]
	at org.junit.platform.engine.support.hierarchical.NodeTestTask.prepare(NodeTestTask.java:107) ~[junit-platform-engine-1.5.2.jar:1.5.2]
	at org.junit.platform.engine.support.hierarchical.NodeTestTask.execute(NodeTestTask.java:75) ~[junit-platform-engine-1.5.2.jar:1.5.2]
	at java.base/java.util.ArrayList.forEach(ArrayList.java:1507) ~[na:na]
	at org.junit.platform.engine.support.hierarchical.SameThreadHierarchicalTestExecutorService.invokeAll(SameThreadHierarchicalTestExecutorService.java:38) ~[junit-platform-engine-1.5.2.jar:1.5.2]
	at org.junit.platform.engine.support.hierarchical.NodeTestTask.lambda$executeRecursively$5(NodeTestTask.java:139) ~[junit-platform-engine-1.5.2.jar:1.5.2]
	at org.junit.platform.engine.support.hierarchical.ThrowableCollector.execute(ThrowableCollector.java:73) ~[junit-platform-engine-1.5.2.jar:1.5.2]
	at org.junit.platform.engine.support.hierarchical.NodeTestTask.lambda$executeRecursively$7(NodeTestTask.java:125) ~[junit-platform-engine-1.5.2.jar:1.5.2]
	at org.junit.platform.engine.support.hierarchical.Node.around(Node.java:135) ~[junit-platform-engine-1.5.2.jar:1.5.2]
	at org.junit.platform.engine.support.hierarchical.NodeTestTask.lambda$executeRecursively$8(NodeTestTask.java:123) ~[junit-platform-engine-1.5.2.jar:1.5.2]
	at org.junit.platform.engine.support.hierarchical.ThrowableCollector.execute(ThrowableCollector.java:73) ~[junit-platform-engine-1.5.2.jar:1.5.2]
	at org.junit.platform.engine.support.hierarchical.NodeTestTask.executeRecursively(NodeTestTask.java:122) ~[junit-platform-engine-1.5.2.jar:1.5.2]
	at org.junit.platform.engine.support.hierarchical.NodeTestTask.execute(NodeTestTask.java:80) ~[junit-platform-engine-1.5.2.jar:1.5.2]
	at java.base/java.util.ArrayList.forEach(ArrayList.java:1507) ~[na:na]
	at org.junit.platform.engine.support.hierarchical.SameThreadHierarchicalTestExecutorService.invokeAll(SameThreadHierarchicalTestExecutorService.java:38) ~[junit-platform-engine-1.5.2.jar:1.5.2]
	at org.junit.platform.engine.support.hierarchical.NodeTestTask.lambda$executeRecursively$5(NodeTestTask.java:139) ~[junit-platform-engine-1.5.2.jar:1.5.2]
	at org.junit.platform.engine.support.hierarchical.ThrowableCollector.execute(ThrowableCollector.java:73) ~[junit-platform-engine-1.5.2.jar:1.5.2]
	at org.junit.platform.engine.support.hierarchical.NodeTestTask.lambda$executeRecursively$7(NodeTestTask.java:125) ~[junit-platform-engine-1.5.2.jar:1.5.2]
	at org.junit.platform.engine.support.hierarchical.Node.around(Node.java:135) ~[junit-platform-engine-1.5.2.jar:1.5.2]
	at org.junit.platform.engine.support.hierarchical.NodeTestTask.lambda$executeRecursively$8(NodeTestTask.java:123) ~[junit-platform-engine-1.5.2.jar:1.5.2]
	at org.junit.platform.engine.support.hierarchical.ThrowableCollector.execute(ThrowableCollector.java:73) ~[junit-platform-engine-1.5.2.jar:1.5.2]
	at org.junit.platform.engine.support.hierarchical.NodeTestTask.executeRecursively(NodeTestTask.java:122) ~[junit-platform-engine-1.5.2.jar:1.5.2]
	at org.junit.platform.engine.support.hierarchical.NodeTestTask.execute(NodeTestTask.java:80) ~[junit-platform-engine-1.5.2.jar:1.5.2]
	at org.junit.platform.engine.support.hierarchical.SameThreadHierarchicalTestExecutorService.submit(SameThreadHierarchicalTestExecutorService.java:32) ~[junit-platform-engine-1.5.2.jar:1.5.2]
	at org.junit.platform.engine.support.hierarchical.HierarchicalTestExecutor.execute(HierarchicalTestExecutor.java:57) ~[junit-platform-engine-1.5.2.jar:1.5.2]
	at org.junit.platform.engine.support.hierarchical.HierarchicalTestEngine.execute(HierarchicalTestEngine.java:51) ~[junit-platform-engine-1.5.2.jar:1.5.2]
	at org.junit.platform.launcher.core.DefaultLauncher.execute(DefaultLauncher.java:220) ~[junit-platform-launcher-1.3.1.jar:1.3.1]
	at org.junit.platform.launcher.core.DefaultLauncher.lambda$execute$6(DefaultLauncher.java:188) ~[junit-platform-launcher-1.3.1.jar:1.3.1]
	at org.junit.platform.launcher.core.DefaultLauncher.withInterceptedStreams(DefaultLauncher.java:202) ~[junit-platform-launcher-1.3.1.jar:1.3.1]
	at org.junit.platform.launcher.core.DefaultLauncher.execute(DefaultLauncher.java:181) ~[junit-platform-launcher-1.3.1.jar:1.3.1]
	at org.junit.platform.launcher.core.DefaultLauncher.execute(DefaultLauncher.java:128) ~[junit-platform-launcher-1.3.1.jar:1.3.1]
	at org.apache.maven.surefire.junitplatform.JUnitPlatformProvider.invokeAllTests(JUnitPlatformProvider.java:150) ~[surefire-junit-platform-2.22.2.jar:2.22.2]
	at org.apache.maven.surefire.junitplatform.JUnitPlatformProvider.invoke(JUnitPlatformProvider.java:124) ~[surefire-junit-platform-2.22.2.jar:2.22.2]
	at org.apache.maven.surefire.booter.ForkedBooter.invokeProviderInSameClassLoader(ForkedBooter.java:384) ~[surefire-booter-2.22.2.jar:2.22.2]
	at org.apache.maven.surefire.booter.ForkedBooter.runSuitesInProcess(ForkedBooter.java:345) ~[surefire-booter-2.22.2.jar:2.22.2]
	at org.apache.maven.surefire.booter.ForkedBooter.execute(ForkedBooter.java:126) ~[surefire-booter-2.22.2.jar:2.22.2]
	at org.apache.maven.surefire.booter.ForkedBooter.main(ForkedBooter.java:418) ~[surefire-booter-2.22.2.jar:2.22.2]
Caused by: org.springframework.beans.factory.BeanCreationException: Error creating bean with name 'flywayInitializer' defined in class path resource [org/springframework/boot/autoconfigure/flyway/FlywayAutoConfiguration$FlywayConfiguration.class]: Invocation of init method failed; nested exception is org.flywaydb.core.internal.command.DbMigrate$FlywayMigrateException: 
Migration V1__Create_languages_table.sql failed
-----------------------------------------------
SQL State  : 42001
Error Code : 42001
Message    : Błąd składniowy w wyrażeniu SQL "CREATE TABLE LANGUAGES (
        ID INT USIGNED[*] PRIMARY KEY AUTO_INCREMENT,
        WELCOMEMSG VARCHAR(100) NOT NULL
        CODE VARCHAR(3)
    )"; oczekiwano "(, FOR, UNSIGNED, INVISIBLE, VISIBLE, NOT, NULL, AS, DEFAULT, GENERATED, ON, NOT, NULL, AUTO_INCREMENT, BIGSERIAL, SERIAL, IDENTITY, NULL_TO_DEFAULT, SEQUENCE, SELECTIVITY, COMMENT, CONSTRAINT, PRIMARY, UNIQUE, NOT, NULL, COMMENT, CHECK, REFERENCES, ,, )"
Syntax error in SQL statement "CREATE TABLE LANGUAGES (
        ID INT USIGNED[*] PRIMARY KEY AUTO_INCREMENT,
        WELCOMEMSG VARCHAR(100) NOT NULL
        CODE VARCHAR(3)
    )"; expected "(, FOR, UNSIGNED, INVISIBLE, VISIBLE, NOT, NULL, AS, DEFAULT, GENERATED, ON, NOT, NULL, AUTO_INCREMENT, BIGSERIAL, SERIAL, IDENTITY, NULL_TO_DEFAULT, SEQUENCE, SELECTIVITY, COMMENT, CONSTRAINT, PRIMARY, UNIQUE, NOT, NULL, COMMENT, CHECK, REFERENCES, ,, )"; SQL statement:
CREATE TABLE languages (
        id int usigned primary key auto_increment,
        welcomeMsg varchar(100) not null
        code varchar(3)
    ) [42001-200]
Location   : db/migration/V1__Create_languages_table.sql (C:\Users\Maciej Skórski\Desktop\ProjektyJava\hello\hello\target\classes\db\migration\V1__Create_languages_table.sql)
Line       : 1
Statement  : CREATE TABLE languages (
        id int usigned primary key auto_increment,
        welcomeMsg varchar(100) not null
        code varchar(3)
    )

	at org.springframework.beans.factory.support.AbstractAutowireCapableBeanFactory.initializeBean(AbstractAutowireCapableBeanFactory.java:1796) ~[spring-beans-5.2.2.RELEASE.jar:5.2.2.RELEASE]
	at org.springframework.beans.factory.support.AbstractAutowireCapableBeanFactory.doCreateBean(AbstractAutowireCapableBeanFactory.java:595) ~[spring-beans-5.2.2.RELEASE.jar:5.2.2.RELEASE]
	at org.springframework.beans.factory.support.AbstractAutowireCapableBeanFactory.createBean(AbstractAutowireCapableBeanFactory.java:517) ~[spring-beans-5.2.2.RELEASE.jar:5.2.2.RELEASE]
	at org.springframework.beans.factory.support.AbstractBeanFactory.lambda$doGetBean$0(AbstractBeanFactory.java:323) ~[spring-beans-5.2.2.RELEASE.jar:5.2.2.RELEASE]
	at org.springframework.beans.factory.support.DefaultSingletonBeanRegistry.getSingleton(DefaultSingletonBeanRegistry.java:222) ~[spring-beans-5.2.2.RELEASE.jar:5.2.2.RELEASE]
	at org.springframework.beans.factory.support.AbstractBeanFactory.doGetBean(AbstractBeanFactory.java:321) ~[spring-beans-5.2.2.RELEASE.jar:5.2.2.RELEASE]
	at org.springframework.beans.factory.support.AbstractBeanFactory.getBean(AbstractBeanFactory.java:202) ~[spring-beans-5.2.2.RELEASE.jar:5.2.2.RELEASE]
	at org.springframework.beans.factory.support.AbstractBeanFactory.doGetBean(AbstractBeanFactory.java:310) ~[spring-beans-5.2.2.RELEASE.jar:5.2.2.RELEASE]
	at org.springframework.beans.factory.support.AbstractBeanFactory.getBean(AbstractBeanFactory.java:202) ~[spring-beans-5.2.2.RELEASE.jar:5.2.2.RELEASE]
	at org.springframework.context.support.AbstractApplicationContext.getBean(AbstractApplicationContext.java:1108) ~[spring-context-5.2.2.RELEASE.jar:5.2.2.RELEASE]
	at org.springframework.context.support.AbstractApplicationContext.finishBeanFactoryInitialization(AbstractApplicationContext.java:868) ~[spring-context-5.2.2.RELEASE.jar:5.2.2.RELEASE]
	at org.springframework.context.support.AbstractApplicationContext.refresh(AbstractApplicationContext.java:550) ~[spring-context-5.2.2.RELEASE.jar:5.2.2.RELEASE]
	at org.springframework.boot.SpringApplication.refresh(SpringApplication.java:747) ~[spring-boot-2.2.2.RELEASE.jar:2.2.2.RELEASE]
	at org.springframework.boot.SpringApplication.refreshContext(SpringApplication.java:397) ~[spring-boot-2.2.2.RELEASE.jar:2.2.2.RELEASE]
	at org.springframework.boot.SpringApplication.run(SpringApplication.java:315) ~[spring-boot-2.2.2.RELEASE.jar:2.2.2.RELEASE]
	at org.springframework.boot.test.context.SpringBootContextLoader.loadContext(SpringBootContextLoader.java:125) ~[spring-boot-test-2.2.2.RELEASE.jar:2.2.2.RELEASE]
	at org.springframework.test.context.cache.DefaultCacheAwareContextLoaderDelegate.loadContextInternal(DefaultCacheAwareContextLoaderDelegate.java:99) ~[spring-test-5.2.2.RELEASE.jar:5.2.2.RELEASE]
	at org.springframework.test.context.cache.DefaultCacheAwareContextLoaderDelegate.loadContext(DefaultCacheAwareContextLoaderDelegate.java:124) ~[spring-test-5.2.2.RELEASE.jar:5.2.2.RELEASE]
	... 65 common frames omitted
Caused by: org.flywaydb.core.internal.command.DbMigrate$FlywayMigrateException: 
Migration V1__Create_languages_table.sql failed
-----------------------------------------------
SQL State  : 42001
Error Code : 42001
Message    : Błąd składniowy w wyrażeniu SQL "CREATE TABLE LANGUAGES (
        ID INT USIGNED[*] PRIMARY KEY AUTO_INCREMENT,
        WELCOMEMSG VARCHAR(100) NOT NULL
        CODE VARCHAR(3)
    )"; oczekiwano "(, FOR, UNSIGNED, INVISIBLE, VISIBLE, NOT, NULL, AS, DEFAULT, GENERATED, ON, NOT, NULL, AUTO_INCREMENT, BIGSERIAL, SERIAL, IDENTITY, NULL_TO_DEFAULT, SEQUENCE, SELECTIVITY, COMMENT, CONSTRAINT, PRIMARY, UNIQUE, NOT, NULL, COMMENT, CHECK, REFERENCES, ,, )"
Syntax error in SQL statement "CREATE TABLE LANGUAGES (
        ID INT USIGNED[*] PRIMARY KEY AUTO_INCREMENT,
        WELCOMEMSG VARCHAR(100) NOT NULL
        CODE VARCHAR(3)
    )"; expected "(, FOR, UNSIGNED, INVISIBLE, VISIBLE, NOT, NULL, AS, DEFAULT, GENERATED, ON, NOT, NULL, AUTO_INCREMENT, BIGSERIAL, SERIAL, IDENTITY, NULL_TO_DEFAULT, SEQUENCE, SELECTIVITY, COMMENT, CONSTRAINT, PRIMARY, UNIQUE, NOT, NULL, COMMENT, CHECK, REFERENCES, ,, )"; SQL statement:
CREATE TABLE languages (
        id int usigned primary key auto_increment,
        welcomeMsg varchar(100) not null
        code varchar(3)
    ) [42001-200]
Location   : db/migration/V1__Create_languages_table.sql (C:\Users\Maciej Skórski\Desktop\ProjektyJava\hello\hello\target\classes\db\migration\V1__Create_languages_table.sql)
Line       : 1
Statement  : CREATE TABLE languages (
        id int usigned primary key auto_increment,
        welcomeMsg varchar(100) not null
        code varchar(3)
    )

	at org.flywaydb.core.internal.command.DbMigrate.doMigrateGroup(DbMigrate.java:369) ~[flyway-core-6.0.8.jar:na]
	at org.flywaydb.core.internal.command.DbMigrate.access$200(DbMigrate.java:54) ~[flyway-core-6.0.8.jar:na]
	at org.flywaydb.core.internal.command.DbMigrate$3.call(DbMigrate.java:282) ~[flyway-core-6.0.8.jar:na]
	at org.flywaydb.core.internal.jdbc.TransactionTemplate.execute(TransactionTemplate.java:74) ~[flyway-core-6.0.8.jar:na]
	at org.flywaydb.core.internal.command.DbMigrate.applyMigrations(DbMigrate.java:279) ~[flyway-core-6.0.8.jar:na]
	at org.flywaydb.core.internal.command.DbMigrate.migrateGroup(DbMigrate.java:244) ~[flyway-core-6.0.8.jar:na]
	at org.flywaydb.core.internal.command.DbMigrate.access$100(DbMigrate.java:54) ~[flyway-core-6.0.8.jar:na]
	at org.flywaydb.core.internal.command.DbMigrate$2.call(DbMigrate.java:162) ~[flyway-core-6.0.8.jar:na]
	at org.flywaydb.core.internal.command.DbMigrate$2.call(DbMigrate.java:159) ~[flyway-core-6.0.8.jar:na]
	at org.flywaydb.core.internal.database.base.Connection$1.call(Connection.java:131) ~[flyway-core-6.0.8.jar:na]
	at org.flywaydb.core.internal.jdbc.TransactionTemplate.execute(TransactionTemplate.java:74) ~[flyway-core-6.0.8.jar:na]
	at org.flywaydb.core.internal.database.base.Connection.lock(Connection.java:127) ~[flyway-core-6.0.8.jar:na]
	at org.flywaydb.core.internal.schemahistory.JdbcTableSchemaHistory.lock(JdbcTableSchemaHistory.java:139) ~[flyway-core-6.0.8.jar:na]
	at org.flywaydb.core.internal.command.DbMigrate.migrateAll(DbMigrate.java:159) ~[flyway-core-6.0.8.jar:na]
	at org.flywaydb.core.internal.command.DbMigrate.migrate(DbMigrate.java:137) ~[flyway-core-6.0.8.jar:na]
	at org.flywaydb.core.Flyway$1.execute(Flyway.java:189) ~[flyway-core-6.0.8.jar:na]
	at org.flywaydb.core.Flyway$1.execute(Flyway.java:149) ~[flyway-core-6.0.8.jar:na]
	at org.flywaydb.core.Flyway.execute(Flyway.java:511) ~[flyway-core-6.0.8.jar:na]
	at org.flywaydb.core.Flyway.migrate(Flyway.java:149) ~[flyway-core-6.0.8.jar:na]
	at org.springframework.boot.autoconfigure.flyway.FlywayMigrationInitializer.afterPropertiesSet(FlywayMigrationInitializer.java:65) ~[spring-boot-autoconfigure-2.2.2.RELEASE.jar:2.2.2.RELEASE]
	at org.springframework.beans.factory.support.AbstractAutowireCapableBeanFactory.invokeInitMethods(AbstractAutowireCapableBeanFactory.java:1855) ~[spring-beans-5.2.2.RELEASE.jar:5.2.2.RELEASE]
	at org.springframework.beans.factory.support.AbstractAutowireCapableBeanFactory.initializeBean(AbstractAutowireCapableBeanFactory.java:1792) ~[spring-beans-5.2.2.RELEASE.jar:5.2.2.RELEASE]
	... 82 common frames omitted
Caused by: org.flywaydb.core.internal.sqlscript.FlywaySqlScriptException: 
Migration V1__Create_languages_table.sql failed
-----------------------------------------------
SQL State  : 42001
Error Code : 42001
Message    : Błąd składniowy w wyrażeniu SQL "CREATE TABLE LANGUAGES (
        ID INT USIGNED[*] PRIMARY KEY AUTO_INCREMENT,
        WELCOMEMSG VARCHAR(100) NOT NULL
        CODE VARCHAR(3)
    )"; oczekiwano "(, FOR, UNSIGNED, INVISIBLE, VISIBLE, NOT, NULL, AS, DEFAULT, GENERATED, ON, NOT, NULL, AUTO_INCREMENT, BIGSERIAL, SERIAL, IDENTITY, NULL_TO_DEFAULT, SEQUENCE, SELECTIVITY, COMMENT, CONSTRAINT, PRIMARY, UNIQUE, NOT, NULL, COMMENT, CHECK, REFERENCES, ,, )"
Syntax error in SQL statement "CREATE TABLE LANGUAGES (
        ID INT USIGNED[*] PRIMARY KEY AUTO_INCREMENT,
        WELCOMEMSG VARCHAR(100) NOT NULL
        CODE VARCHAR(3)
    )"; expected "(, FOR, UNSIGNED, INVISIBLE, VISIBLE, NOT, NULL, AS, DEFAULT, GENERATED, ON, NOT, NULL, AUTO_INCREMENT, BIGSERIAL, SERIAL, IDENTITY, NULL_TO_DEFAULT, SEQUENCE, SELECTIVITY, COMMENT, CONSTRAINT, PRIMARY, UNIQUE, NOT, NULL, COMMENT, CHECK, REFERENCES, ,, )"; SQL statement:
CREATE TABLE languages (
        id int usigned primary key auto_increment,
        welcomeMsg varchar(100) not null
        code varchar(3)
    ) [42001-200]
Location   : db/migration/V1__Create_languages_table.sql (C:\Users\Maciej Skórski\Desktop\ProjektyJava\hello\hello\target\classes\db\migration\V1__Create_languages_table.sql)
Line       : 1
Statement  : CREATE TABLE languages (
        id int usigned primary key auto_increment,
        welcomeMsg varchar(100) not null
        code varchar(3)
    )

	at org.flywaydb.core.internal.sqlscript.DefaultSqlScriptExecutor.handleException(DefaultSqlScriptExecutor.java:274) ~[flyway-core-6.0.8.jar:na]
	at org.flywaydb.core.internal.sqlscript.DefaultSqlScriptExecutor.executeStatement(DefaultSqlScriptExecutor.java:220) ~[flyway-core-6.0.8.jar:na]
	at org.flywaydb.core.internal.sqlscript.DefaultSqlScriptExecutor.execute(DefaultSqlScriptExecutor.java:127) ~[flyway-core-6.0.8.jar:na]
	at org.flywaydb.core.internal.resolver.sql.SqlMigrationExecutor.execute(SqlMigrationExecutor.java:70) ~[flyway-core-6.0.8.jar:na]
	at org.flywaydb.core.internal.command.DbMigrate.doMigrateGroup(DbMigrate.java:366) ~[flyway-core-6.0.8.jar:na]
	... 103 common frames omitted
Caused by: org.h2.jdbc.JdbcSQLSyntaxErrorException: Błąd składniowy w wyrażeniu SQL "CREATE TABLE LANGUAGES (
        ID INT USIGNED[*] PRIMARY KEY AUTO_INCREMENT,
        WELCOMEMSG VARCHAR(100) NOT NULL
        CODE VARCHAR(3)
    )"; oczekiwano "(, FOR, UNSIGNED, INVISIBLE, VISIBLE, NOT, NULL, AS, DEFAULT, GENERATED, ON, NOT, NULL, AUTO_INCREMENT, BIGSERIAL, SERIAL, IDENTITY, NULL_TO_DEFAULT, SEQUENCE, SELECTIVITY, COMMENT, CONSTRAINT, PRIMARY, UNIQUE, NOT, NULL, COMMENT, CHECK, REFERENCES, ,, )"
Syntax error in SQL statement "CREATE TABLE LANGUAGES (
        ID INT USIGNED[*] PRIMARY KEY AUTO_INCREMENT,
        WELCOMEMSG VARCHAR(100) NOT NULL
        CODE VARCHAR(3)
    )"; expected "(, FOR, UNSIGNED, INVISIBLE, VISIBLE, NOT, NULL, AS, DEFAULT, GENERATED, ON, NOT, NULL, AUTO_INCREMENT, BIGSERIAL, SERIAL, IDENTITY, NULL_TO_DEFAULT, SEQUENCE, SELECTIVITY, COMMENT, CONSTRAINT, PRIMARY, UNIQUE, NOT, NULL, COMMENT, CHECK, REFERENCES, ,, )"; SQL statement:
CREATE TABLE languages (
        id int usigned primary key auto_increment,
        welcomeMsg varchar(100) not null
        code varchar(3)
    ) [42001-200]
	at org.h2.message.DbException.getJdbcSQLException(DbException.java:453) ~[h2-1.4.200.jar:1.4.200]
	at org.h2.message.DbException.getJdbcSQLException(DbException.java:429) ~[h2-1.4.200.jar:1.4.200]
	at org.h2.message.DbException.getSyntaxError(DbException.java:243) ~[h2-1.4.200.jar:1.4.200]
	at org.h2.command.Parser.getSyntaxError(Parser.java:1053) ~[h2-1.4.200.jar:1.4.200]
	at org.h2.command.Parser.read(Parser.java:4995) ~[h2-1.4.200.jar:1.4.200]
	at org.h2.command.Parser.readIfMore(Parser.java:1462) ~[h2-1.4.200.jar:1.4.200]
	at org.h2.command.Parser.parseCreateTable(Parser.java:8380) ~[h2-1.4.200.jar:1.4.200]
	at org.h2.command.Parser.parseCreate(Parser.java:6276) ~[h2-1.4.200.jar:1.4.200]
	at org.h2.command.Parser.parsePrepared(Parser.java:903) ~[h2-1.4.200.jar:1.4.200]
	at org.h2.command.Parser.parse(Parser.java:843) ~[h2-1.4.200.jar:1.4.200]
	at org.h2.command.Parser.parse(Parser.java:819) ~[h2-1.4.200.jar:1.4.200]
	at org.h2.command.Parser.prepareCommand(Parser.java:738) ~[h2-1.4.200.jar:1.4.200]
	at org.h2.engine.Session.prepareLocal(Session.java:657) ~[h2-1.4.200.jar:1.4.200]
	at org.h2.engine.Session.prepareCommand(Session.java:595) ~[h2-1.4.200.jar:1.4.200]
	at org.h2.jdbc.JdbcConnection.prepareCommand(JdbcConnection.java:1235) ~[h2-1.4.200.jar:1.4.200]
	at org.h2.jdbc.JdbcStatement.executeInternal(JdbcStatement.java:212) ~[h2-1.4.200.jar:1.4.200]
	at org.h2.jdbc.JdbcStatement.execute(JdbcStatement.java:201) ~[h2-1.4.200.jar:1.4.200]
	at com.zaxxer.hikari.pool.ProxyStatement.execute(ProxyStatement.java:95) ~[HikariCP-3.4.1.jar:na]
	at com.zaxxer.hikari.pool.HikariProxyStatement.execute(HikariProxyStatement.java) ~[HikariCP-3.4.1.jar:na]
	at org.flywaydb.core.internal.jdbc.JdbcTemplate.executeStatement(JdbcTemplate.java:244) ~[flyway-core-6.0.8.jar:na]
	at org.flywaydb.core.internal.sqlscript.ParsedSqlStatement.execute(ParsedSqlStatement.java:111) ~[flyway-core-6.0.8.jar:na]
	at org.flywaydb.core.internal.sqlscript.DefaultSqlScriptExecutor.executeStatement(DefaultSqlScriptExecutor.java:208) ~[flyway-core-6.0.8.jar:na]
	... 106 common frames omitted

]]></system-out>
  </testcase>
</testsuite>